<?xml version="1.0" encoding="UTF-8"?>
<robot generator="Robot 7.2 (Python 3.12.5 on win32)" generated="2026-01-16T17:15:12.279047" rpa="false" schemaversion="5">
<suite id="s1" name="MS 003" source="C:\Users\Pitinai.c\OneDrive - doppiotech.com\Documents\GitHub\branch_pitinai_c\Milestone3\Testcases\MS_003.robot">
<test id="s1-t1" name="Open Web and verify coin" line="74">
<kw name="Open Web">
<kw name="New Browser" owner="Browser">
<msg time="2026-01-16T17:15:12.499905" level="INFO">{"browser": "chromium", "headless": false, "chromiumSandbox": false, "devtools": false, "handleSIGHUP": true, "handleSIGINT": true, "handleSIGTERM": true, "slowMo": 0.0, "timeout": 30000.0, "tracesDir": "C:\\Users\\Pitinai.c\\OneDrive - doppiotech.com\\Documents\\GitHub\\branch_pitinai_c\\Milestone3\\Testcases\\report\\browser\\traces\\temp\\eee701e1-1bfc-4d68-bf9c-e81c04fbc1e7"}</msg>
<msg time="2026-01-16T17:15:12.556851" level="INFO">Starting Browser process C:\Users\Pitinai.c\AppData\Local\Programs\Python\Python312\Lib\site-packages\Browser\wrapper\index.js using at 127.0.0.1:65103</msg>
<msg time="2026-01-16T17:15:14.868218" level="INFO">Successfully created browser with options: {"browser":"chromium","headless":false,"chromiumSandbox":false,"devtools":false,"handleSIGHUP":true,"handleSIGINT":true,"handleSIGTERM":true,"slowMo":0,"timeout":30000,"tracesDir":"C:\\Users\\Pitinai.c\\OneDrive - doppiotech.com\\Documents\\GitHub\\branch_pitinai_c\\Milestone3\\Testcases\\report\\browser\\traces\\temp\\eee701e1-1bfc-4d68-bf9c-e81c04fbc1e7"}</msg>
<arg>chromium</arg>
<arg>headless=False</arg>
<tag>BrowserControl</tag>
<tag>Setter</tag>
<doc>Create a new playwright Browser with specified options.</doc>
<status status="PASS" start="2026-01-16T17:15:12.499905" elapsed="2.368313"/>
</kw>
<kw name="New Page" owner="Browser">
<msg time="2026-01-16T17:15:17.585003" level="INFO">Successfully initialized new page object and opened url: https://bitazza.co.th/home</msg>
<msg time="2026-01-16T17:15:17.585003" level="INFO">No context was open. New context was automatically opened when this page is created.</msg>
<arg>${url}</arg>
<tag>BrowserControl</tag>
<tag>Setter</tag>
<doc>Open a new Page.</doc>
<status status="PASS" start="2026-01-16T17:15:14.868218" elapsed="2.719778"/>
</kw>
<kw name="Set Viewport Size" owner="Browser">
<msg time="2026-01-16T17:15:17.622647" level="INFO">Set viewport size to: [object Object]</msg>
<arg>1920</arg>
<arg>1080</arg>
<tag>BrowserControl</tag>
<tag>Setter</tag>
<doc>Sets current Pages viewport size to specified dimensions.</doc>
<status status="PASS" start="2026-01-16T17:15:17.587996" elapsed="0.035661"/>
</kw>
<arg>${url}</arg>
<status status="PASS" start="2026-01-16T17:15:12.499905" elapsed="5.123752"/>
</kw>
<kw name="Go to Trading Market Page">
<kw name="Wait and Click">
<kw name="Wait For Elements State" owner="Browser">
<msg time="2026-01-16T17:15:17.694799" level="INFO">Waited for Element with selector //button[@id='dropdown-basic' and .//div[normalize-space(.)='ตลาดซื้อขาย']] at state visible</msg>
<arg>${locator}</arg>
<arg>visible</arg>
<arg>20s</arg>
<tag>PageContent</tag>
<tag>Wait</tag>
<doc>Waits for the element found by ``selector`` to satisfy state option.</doc>
<status status="PASS" start="2026-01-16T17:15:17.626661" elapsed="0.068138"/>
</kw>
<kw name="Click" owner="Browser">
<msg time="2026-01-16T17:15:17.696782" level="INFO">Clicks the element '//button[@id='dropdown-basic' and .//div[normalize-space(.)='ตลาดซื้อขาย']]'.</msg>
<arg>${locator}</arg>
<tag>PageContent</tag>
<tag>Setter</tag>
<doc>Simulates mouse click on the element found by ``selector``.</doc>
<status status="PASS" start="2026-01-16T17:15:17.695798" elapsed="0.106085"/>
</kw>
<arg>${lc_market_dropdown}</arg>
<status status="PASS" start="2026-01-16T17:15:17.625649" elapsed="0.176234"/>
</kw>
<kw name="Wait and Click">
<kw name="Wait For Elements State" owner="Browser">
<msg time="2026-01-16T17:15:17.816444" level="INFO">Waited for Element with selector (//div[contains(@class,'HeaderNav_ItemTitle') and normalize-space(.)='ตลาดซื้อขาย'])[1] at state visible</msg>
<arg>${locator}</arg>
<arg>visible</arg>
<arg>20s</arg>
<tag>PageContent</tag>
<tag>Wait</tag>
<doc>Waits for the element found by ``selector`` to satisfy state option.</doc>
<status status="PASS" start="2026-01-16T17:15:17.802917" elapsed="0.013527"/>
</kw>
<kw name="Click" owner="Browser">
<msg time="2026-01-16T17:15:17.816444" level="INFO">Clicks the element '(//div[contains(@class,'HeaderNav_ItemTitle') and normalize-space(.)='ตลาดซื้อขาย'])[1]'.</msg>
<arg>${locator}</arg>
<tag>PageContent</tag>
<tag>Setter</tag>
<doc>Simulates mouse click on the element found by ``selector``.</doc>
<status status="PASS" start="2026-01-16T17:15:17.816444" elapsed="0.322179"/>
</kw>
<arg>${lc_market_selection}</arg>
<status status="PASS" start="2026-01-16T17:15:17.801883" elapsed="0.336740"/>
</kw>
<kw name="Wait and Click">
<kw name="Wait For Elements State" owner="Browser">
<msg time="2026-01-16T17:15:21.153040" level="INFO">Waited for Element with selector //a[@id='header_market'] at state visible</msg>
<arg>${locator}</arg>
<arg>visible</arg>
<arg>20s</arg>
<tag>PageContent</tag>
<tag>Wait</tag>
<doc>Waits for the element found by ``selector`` to satisfy state option.</doc>
<status status="PASS" start="2026-01-16T17:15:18.138623" elapsed="3.014417"/>
</kw>
<kw name="Click" owner="Browser">
<msg time="2026-01-16T17:15:21.153040" level="INFO">Clicks the element '//a[@id='header_market']'.</msg>
<arg>${locator}</arg>
<tag>PageContent</tag>
<tag>Setter</tag>
<doc>Simulates mouse click on the element found by ``selector``.</doc>
<status status="PASS" start="2026-01-16T17:15:21.153040" elapsed="0.819894"/>
</kw>
<arg>${lc_market_header}</arg>
<status status="PASS" start="2026-01-16T17:15:18.138623" elapsed="3.834311"/>
</kw>
<status status="PASS" start="2026-01-16T17:15:17.624651" elapsed="4.348283"/>
</kw>
<kw name="Verify coins name in table">
<kw name="Wait For Elements State" owner="Browser">
<msg time="2026-01-16T17:15:22.376090" level="INFO">Waited for Element with selector //tbody at state visible</msg>
<arg>${lc_market_table}</arg>
<arg>visible</arg>
<arg>20s</arg>
<tag>PageContent</tag>
<tag>Wait</tag>
<doc>Waits for the element found by ``selector`` to satisfy state option.</doc>
<status status="PASS" start="2026-01-16T17:15:21.974939" elapsed="0.401151"/>
</kw>
<for flavor="IN">
<iter>
<kw name="Format String" owner="String">
<msg time="2026-01-16T17:15:27.490052" level="INFO">${row_locator} = //tbody//tr[.//div[contains(@class,'text-product_h6') and normalize-space(.)='Bitcoin']]</msg>
<var>${row_locator}</var>
<arg>${lc_row_by_coin_name}</arg>
<arg>${coin}</arg>
<doc>Formats a ``template`` using the given ``positional`` and ``named`` arguments.</doc>
<status status="PASS" start="2026-01-16T17:15:22.378104" elapsed="5.111948"/>
</kw>
<kw name="Wait For Elements State" owner="Browser">
<msg time="2026-01-16T17:15:27.536983" level="INFO">Waited for Element with selector //tbody//tr[.//div[contains(@class,'text-product_h6') and normalize-space(.)='Bitcoin']] at state visible</msg>
<arg>${row_locator}</arg>
<arg>visible</arg>
<arg>20s</arg>
<tag>PageContent</tag>
<tag>Wait</tag>
<doc>Waits for the element found by ``selector`` to satisfy state option.</doc>
<status status="PASS" start="2026-01-16T17:15:27.490052" elapsed="0.046931"/>
</kw>
<var name="${coin}">Bitcoin</var>
<status status="PASS" start="2026-01-16T17:15:22.377088" elapsed="5.159895"/>
</iter>
<iter>
<kw name="Format String" owner="String">
<msg time="2026-01-16T17:15:27.536983" level="INFO">${row_locator} = //tbody//tr[.//div[contains(@class,'text-product_h6') and normalize-space(.)='Ethereum']]</msg>
<var>${row_locator}</var>
<arg>${lc_row_by_coin_name}</arg>
<arg>${coin}</arg>
<doc>Formats a ``template`` using the given ``positional`` and ``named`` arguments.</doc>
<status status="PASS" start="2026-01-16T17:15:27.536983" elapsed="0.000000"/>
</kw>
<kw name="Wait For Elements State" owner="Browser">
<msg time="2026-01-16T17:15:27.559345" level="INFO">Waited for Element with selector //tbody//tr[.//div[contains(@class,'text-product_h6') and normalize-space(.)='Ethereum']] at state visible</msg>
<arg>${row_locator}</arg>
<arg>visible</arg>
<arg>20s</arg>
<tag>PageContent</tag>
<tag>Wait</tag>
<doc>Waits for the element found by ``selector`` to satisfy state option.</doc>
<status status="PASS" start="2026-01-16T17:15:27.536983" elapsed="0.022362"/>
</kw>
<var name="${coin}">Ethereum</var>
<status status="PASS" start="2026-01-16T17:15:27.536983" elapsed="0.022362"/>
</iter>
<iter>
<kw name="Format String" owner="String">
<msg time="2026-01-16T17:15:27.568871" level="INFO">${row_locator} = //tbody//tr[.//div[contains(@class,'text-product_h6') and normalize-space(.)='Moo Deng']]</msg>
<var>${row_locator}</var>
<arg>${lc_row_by_coin_name}</arg>
<arg>${coin}</arg>
<doc>Formats a ``template`` using the given ``positional`` and ``named`` arguments.</doc>
<status status="PASS" start="2026-01-16T17:15:27.559345" elapsed="0.009526"/>
</kw>
<kw name="Wait For Elements State" owner="Browser">
<msg time="2026-01-16T17:15:27.584734" level="INFO">Waited for Element with selector //tbody//tr[.//div[contains(@class,'text-product_h6') and normalize-space(.)='Moo Deng']] at state visible</msg>
<arg>${row_locator}</arg>
<arg>visible</arg>
<arg>20s</arg>
<tag>PageContent</tag>
<tag>Wait</tag>
<doc>Waits for the element found by ``selector`` to satisfy state option.</doc>
<status status="PASS" start="2026-01-16T17:15:27.568871" elapsed="0.015863"/>
</kw>
<var name="${coin}">Moo Deng</var>
<status status="PASS" start="2026-01-16T17:15:27.559345" elapsed="0.025389"/>
</iter>
<iter>
<kw name="Format String" owner="String">
<msg time="2026-01-16T17:15:27.600548" level="INFO">${row_locator} = //tbody//tr[.//div[contains(@class,'text-product_h6') and normalize-space(.)='USD Tether']]</msg>
<var>${row_locator}</var>
<arg>${lc_row_by_coin_name}</arg>
<arg>${coin}</arg>
<doc>Formats a ``template`` using the given ``positional`` and ``named`` arguments.</doc>
<status status="PASS" start="2026-01-16T17:15:27.589175" elapsed="0.011373"/>
</kw>
<kw name="Wait For Elements State" owner="Browser">
<msg time="2026-01-16T17:15:27.616653" level="INFO">Waited for Element with selector //tbody//tr[.//div[contains(@class,'text-product_h6') and normalize-space(.)='USD Tether']] at state visible</msg>
<arg>${row_locator}</arg>
<arg>visible</arg>
<arg>20s</arg>
<tag>PageContent</tag>
<tag>Wait</tag>
<doc>Waits for the element found by ``selector`` to satisfy state option.</doc>
<status status="PASS" start="2026-01-16T17:15:27.600548" elapsed="0.016105"/>
</kw>
<var name="${coin}">USD Tether</var>
<status status="PASS" start="2026-01-16T17:15:27.589175" elapsed="0.027478"/>
</iter>
<var>${coin}</var>
<value>@{coin_names}</value>
<status status="PASS" start="2026-01-16T17:15:22.377088" elapsed="5.239565"/>
</for>
<arg>Bitcoin</arg>
<arg>Ethereum</arg>
<arg>Moo Deng</arg>
<arg>USD Tether</arg>
<status status="PASS" start="2026-01-16T17:15:21.973939" elapsed="5.642714"/>
</kw>
<kw name="Verify coins price by name">
<kw name="Get Coin Price">
<kw name="Format String" owner="String">
<msg time="2026-01-16T17:15:27.616653" level="INFO">${price_locator} = //tbody//tr[.//div[contains(@class,'text-product_h6') and normalize-space(.)='Ethereum']]/td[2]</msg>
<var>${price_locator}</var>
<arg>${lc_price_by_coin_name}</arg>
<arg>${coin_name}</arg>
<doc>Formats a ``template`` using the given ``positional`` and ``named`` arguments.</doc>
<status status="PASS" start="2026-01-16T17:15:27.616653" elapsed="0.000000"/>
</kw>
<kw name="Wait For Elements State" owner="Browser">
<msg time="2026-01-16T17:15:27.638995" level="INFO">Waited for Element with selector //tbody//tr[.//div[contains(@class,'text-product_h6') and normalize-space(.)='Ethereum']]/td[2] at state visible</msg>
<arg>${price_locator}</arg>
<arg>visible</arg>
<arg>20s</arg>
<tag>PageContent</tag>
<tag>Wait</tag>
<doc>Waits for the element found by ``selector`` to satisfy state option.</doc>
<status status="PASS" start="2026-01-16T17:15:27.616653" elapsed="0.022342"/>
</kw>
<kw name="Get Text" owner="Browser">
<msg time="2026-01-16T17:15:27.687763" level="INFO">Text: '103,714.68 THB'</msg>
<msg time="2026-01-16T17:15:27.688872" level="INFO">${price} = 103,714.68 THB</msg>
<var>${price}</var>
<arg>${price_locator}</arg>
<tag>Assertion</tag>
<tag>Getter</tag>
<tag>PageContent</tag>
<doc>Returns text attribute of the element found by ``selector``.</doc>
<status status="PASS" start="2026-01-16T17:15:27.638995" elapsed="0.049877"/>
</kw>
<return>
<value>${price}</value>
<status status="PASS" start="2026-01-16T17:15:27.688872" elapsed="0.000000"/>
</return>
<msg time="2026-01-16T17:15:27.689765" level="INFO">${raw_price} = 103,714.68 THB</msg>
<var>${raw_price}</var>
<arg>${coin_name}</arg>
<status status="PASS" start="2026-01-16T17:15:27.616653" elapsed="0.073112"/>
</kw>
<kw name="Log To Console" owner="BuiltIn">
<arg>Coin Name = ${coin_name}</arg>
<doc>Logs the given message to the console.</doc>
<status status="PASS" start="2026-01-16T17:15:27.689765" elapsed="0.001096"/>
</kw>
<kw name="Log To Console" owner="BuiltIn">
<arg>Raw Price = '${raw_price}'</arg>
<doc>Logs the given message to the console.</doc>
<status status="PASS" start="2026-01-16T17:15:27.690861" elapsed="0.001037"/>
</kw>
<kw name="Remove String" owner="String">
<msg time="2026-01-16T17:15:27.691898" level="INFO">${clean_price} = 103714.68 </msg>
<var>${clean_price}</var>
<arg>${raw_price}</arg>
<arg>THB</arg>
<arg>,</arg>
<doc>Removes all ``removables`` from the given ``string``.</doc>
<status status="PASS" start="2026-01-16T17:15:27.691898" elapsed="0.000000"/>
</kw>
<kw name="Log To Console" owner="BuiltIn">
<arg>No THB = ${clean_price}</arg>
<doc>Logs the given message to the console.</doc>
<status status="PASS" start="2026-01-16T17:15:27.691898" elapsed="0.000965"/>
</kw>
<kw name="Convert To Number" owner="BuiltIn">
<msg time="2026-01-16T17:15:27.693808" level="INFO">${clean_price} = 103714.68</msg>
<var>${clean_price}</var>
<arg>${clean_price}</arg>
<doc>Converts the given item to a floating point number.</doc>
<status status="PASS" start="2026-01-16T17:15:27.693808" elapsed="0.000000"/>
</kw>
<kw name="Log To Console" owner="BuiltIn">
<arg>Price = ${clean_price}</arg>
<doc>Logs the given message to the console.</doc>
<status status="PASS" start="2026-01-16T17:15:27.693808" elapsed="0.001054"/>
</kw>
<kw name="Evaluate" owner="BuiltIn">
<msg time="2026-01-16T17:15:27.695765" level="INFO">${type} = float</msg>
<var>${type}</var>
<arg>type(${clean_price}).__name__</arg>
<doc>Evaluates the given expression in Python and returns the result.</doc>
<status status="PASS" start="2026-01-16T17:15:27.694862" elapsed="0.000903"/>
</kw>
<kw name="Log To Console" owner="BuiltIn">
<arg>Price Type = ${type}</arg>
<doc>Logs the given message to the console.</doc>
<status status="PASS" start="2026-01-16T17:15:27.695765" elapsed="0.000999"/>
</kw>
<kw name="Should Be True" owner="BuiltIn">
<arg>${clean_price} &gt; ${min_price}</arg>
<doc>Fails if the given condition is not true.</doc>
<status status="PASS" start="2026-01-16T17:15:27.696764" elapsed="0.001106"/>
</kw>
<kw name="Log To Console" owner="BuiltIn">
<arg>Total price = ${clean_price} &gt; ${min_price}</arg>
<doc>Logs the given message to the console.</doc>
<status status="PASS" start="2026-01-16T17:15:27.697870" elapsed="0.000936"/>
</kw>
<arg>Ethereum</arg>
<arg>30000</arg>
<status status="PASS" start="2026-01-16T17:15:27.616653" elapsed="0.082153"/>
</kw>
<kw name="Close Web">
<kw name="Close Browser" owner="Browser">
<msg time="2026-01-16T17:15:30.393684" level="INFO">Closed browser</msg>
<tag>BrowserControl</tag>
<tag>Setter</tag>
<doc>Closes the current browser.</doc>
<status status="PASS" start="2026-01-16T17:15:27.699554" elapsed="2.694130"/>
</kw>
<status status="PASS" start="2026-01-16T17:15:27.699554" elapsed="2.694130"/>
</kw>
<status status="PASS" start="2026-01-16T17:15:12.499905" elapsed="17.893779"/>
</test>
<status status="PASS" start="2026-01-16T17:15:12.279047" elapsed="18.156776"/>
</suite>
<statistics>
<total>
<stat pass="1" fail="0" skip="0">All Tests</stat>
</total>
<tag>
</tag>
<suite>
<stat name="MS 003" id="s1" pass="1" fail="0" skip="0">MS 003</stat>
</suite>
</statistics>
<errors>
<msg time="2026-01-16T17:15:12.267489" level="WARN">Error in file 'C:\Users\Pitinai.c\OneDrive - doppiotech.com\Documents\GitHub\branch_pitinai_c\Milestone3\Testcases\MS_003.robot' on line 50: The '[Return]' setting is deprecated. Use the 'RETURN' statement instead.</msg>
</errors>
</robot>
